[0.020s] Invoking command in '/home/kifelix/ambiente_ws/build/ros_gz_example_description': CMAKE_PREFIX_PATH=${CMAKE_PREFIX_PATH}:/home/kifelix/ambiente_ws/install/meu_primeiro_no_ros2:/opt/ros/humble /usr/bin/cmake /home/kifelix/ambiente_ws/src/ros_gz_project_template/ros_gz_example_description -DCMAKE_INSTALL_PREFIX=/home/kifelix/ambiente_ws/install/ros_gz_example_description
[0.338s] -- The C compiler identification is GNU 11.4.0
[0.338s] -- The CXX compiler identification is GNU 11.4.0
[0.338s] -- Detecting C compiler ABI info
[0.338s] -- Detecting C compiler ABI info - done
[0.338s] -- Check for working C compiler: /usr/bin/cc - skipped
[0.338s] -- Detecting C compile features
[0.338s] -- Detecting C compile features - done
[0.338s] -- Detecting CXX compiler ABI info
[0.338s] -- Detecting CXX compiler ABI info - done
[0.338s] -- Check for working CXX compiler: /usr/bin/c++ - skipped
[0.338s] -- Detecting CXX compile features
[0.338s] -- Detecting CXX compile features - done
[0.338s] -- Found ament_cmake: 1.3.11 (/opt/ros/humble/share/ament_cmake/cmake)
[0.339s] -- Found Python3: /usr/bin/python3 (found version "3.10.12") found components: Interpreter 
[0.374s] -- Found ament_lint_auto: 0.12.12 (/opt/ros/humble/share/ament_lint_auto/cmake)
[0.424s] -- Configuring done
[0.426s] -- Generating done
[0.427s] -- Build files have been written to: /home/kifelix/ambiente_ws/build/ros_gz_example_description
[0.432s] Invoked command in '/home/kifelix/ambiente_ws/build/ros_gz_example_description' returned '0': CMAKE_PREFIX_PATH=${CMAKE_PREFIX_PATH}:/home/kifelix/ambiente_ws/install/meu_primeiro_no_ros2:/opt/ros/humble /usr/bin/cmake /home/kifelix/ambiente_ws/src/ros_gz_project_template/ros_gz_example_description -DCMAKE_INSTALL_PREFIX=/home/kifelix/ambiente_ws/install/ros_gz_example_description
[0.433s] Invoking command in '/home/kifelix/ambiente_ws/build/ros_gz_example_description': CMAKE_PREFIX_PATH=${CMAKE_PREFIX_PATH}:/home/kifelix/ambiente_ws/install/meu_primeiro_no_ros2:/opt/ros/humble /usr/bin/cmake --build /home/kifelix/ambiente_ws/build/ros_gz_example_description -- -j20 -l20
[0.458s] Invoked command in '/home/kifelix/ambiente_ws/build/ros_gz_example_description' returned '0': CMAKE_PREFIX_PATH=${CMAKE_PREFIX_PATH}:/home/kifelix/ambiente_ws/install/meu_primeiro_no_ros2:/opt/ros/humble /usr/bin/cmake --build /home/kifelix/ambiente_ws/build/ros_gz_example_description -- -j20 -l20
[0.466s] Invoking command in '/home/kifelix/ambiente_ws/build/ros_gz_example_description': CMAKE_PREFIX_PATH=${CMAKE_PREFIX_PATH}:/home/kifelix/ambiente_ws/install/meu_primeiro_no_ros2:/opt/ros/humble /usr/bin/cmake --install /home/kifelix/ambiente_ws/build/ros_gz_example_description
[0.471s] -- Install configuration: ""
[0.471s] -- Installing: /home/kifelix/ambiente_ws/install/ros_gz_example_description/share/ros_gz_example_description/models
[0.471s] -- Installing: /home/kifelix/ambiente_ws/install/ros_gz_example_description/share/ros_gz_example_description/models/rrbot
[0.471s] -- Installing: /home/kifelix/ambiente_ws/install/ros_gz_example_description/share/ros_gz_example_description/models/rrbot/model.sdf
[0.471s] -- Installing: /home/kifelix/ambiente_ws/install/ros_gz_example_description/share/ros_gz_example_description/models/diff_drive
[0.471s] -- Installing: /home/kifelix/ambiente_ws/install/ros_gz_example_description/share/ros_gz_example_description/models/diff_drive/model.config
[0.471s] -- Installing: /home/kifelix/ambiente_ws/install/ros_gz_example_description/share/ros_gz_example_description/models/diff_drive/model.sdf
[0.471s] -- Installing: /home/kifelix/ambiente_ws/install/ros_gz_example_description/share/ros_gz_example_description/environment/ros_gz_example_description.dsv
[0.471s] -- Installing: /home/kifelix/ambiente_ws/install/ros_gz_example_description/share/ros_gz_example_description/environment/ros_gz_example_description.sh
[0.471s] -- Installing: /home/kifelix/ambiente_ws/install/ros_gz_example_description/share/ament_index/resource_index/package_run_dependencies/ros_gz_example_description
[0.471s] -- Installing: /home/kifelix/ambiente_ws/install/ros_gz_example_description/share/ament_index/resource_index/parent_prefix_path/ros_gz_example_description
[0.471s] -- Installing: /home/kifelix/ambiente_ws/install/ros_gz_example_description/share/ros_gz_example_description/environment/ament_prefix_path.sh
[0.471s] -- Installing: /home/kifelix/ambiente_ws/install/ros_gz_example_description/share/ros_gz_example_description/environment/ament_prefix_path.dsv
[0.471s] -- Installing: /home/kifelix/ambiente_ws/install/ros_gz_example_description/share/ros_gz_example_description/environment/path.sh
[0.471s] -- Installing: /home/kifelix/ambiente_ws/install/ros_gz_example_description/share/ros_gz_example_description/environment/path.dsv
[0.471s] -- Installing: /home/kifelix/ambiente_ws/install/ros_gz_example_description/share/ros_gz_example_description/local_setup.bash
[0.472s] -- Installing: /home/kifelix/ambiente_ws/install/ros_gz_example_description/share/ros_gz_example_description/local_setup.sh
[0.472s] -- Installing: /home/kifelix/ambiente_ws/install/ros_gz_example_description/share/ros_gz_example_description/local_setup.zsh
[0.472s] -- Installing: /home/kifelix/ambiente_ws/install/ros_gz_example_description/share/ros_gz_example_description/local_setup.dsv
[0.472s] -- Installing: /home/kifelix/ambiente_ws/install/ros_gz_example_description/share/ros_gz_example_description/package.dsv
[0.472s] -- Installing: /home/kifelix/ambiente_ws/install/ros_gz_example_description/share/ament_index/resource_index/packages/ros_gz_example_description
[0.472s] -- Installing: /home/kifelix/ambiente_ws/install/ros_gz_example_description/share/ros_gz_example_description/cmake/ros_gz_example_descriptionConfig.cmake
[0.472s] -- Installing: /home/kifelix/ambiente_ws/install/ros_gz_example_description/share/ros_gz_example_description/cmake/ros_gz_example_descriptionConfig-version.cmake
[0.472s] -- Installing: /home/kifelix/ambiente_ws/install/ros_gz_example_description/share/ros_gz_example_description/package.xml
[0.474s] Invoked command in '/home/kifelix/ambiente_ws/build/ros_gz_example_description' returned '0': CMAKE_PREFIX_PATH=${CMAKE_PREFIX_PATH}:/home/kifelix/ambiente_ws/install/meu_primeiro_no_ros2:/opt/ros/humble /usr/bin/cmake --install /home/kifelix/ambiente_ws/build/ros_gz_example_description
