[0.006s] Invoking command in '/home/kifelix/ambiente_ws/build/Fla': CMAKE_PREFIX_PATH=${CMAKE_PREFIX_PATH}:/opt/ros/humble /usr/bin/cmake --build /home/kifelix/ambiente_ws/build/Fla -- -j20 -l20
[0.020s] -- Found ament_cmake: 1.3.11 (/opt/ros/humble/share/ament_cmake/cmake)
[0.166s] -- Found gazebo_ros_pkgs: 3.9.0 (/opt/ros/humble/share/gazebo_ros_pkgs/cmake)
[0.166s] -- Found rclcpp: 16.0.12 (/opt/ros/humble/share/rclcpp/cmake)
[0.182s] -- Found rosidl_generator_c: 3.1.6 (/opt/ros/humble/share/rosidl_generator_c/cmake)
[0.184s] -- Found rosidl_adapter: 3.1.6 (/opt/ros/humble/share/rosidl_adapter/cmake)
[0.187s] -- Found rosidl_generator_cpp: 3.1.6 (/opt/ros/humble/share/rosidl_generator_cpp/cmake)
[0.192s] -- Using all available rosidl_typesupport_c: rosidl_typesupport_fastrtps_c;rosidl_typesupport_introspection_c
[0.200s] -- Using all available rosidl_typesupport_cpp: rosidl_typesupport_fastrtps_cpp;rosidl_typesupport_introspection_cpp
[0.220s] -- Found rmw_implementation_cmake: 6.1.2 (/opt/ros/humble/share/rmw_implementation_cmake/cmake)
[0.220s] -- Found rmw_fastrtps_cpp: 6.2.7 (/opt/ros/humble/share/rmw_fastrtps_cpp/cmake)
[0.285s] -- Using RMW implementation 'rmw_fastrtps_cpp' as default
[0.313s] -- Found geometry_msgs: 4.8.0 (/opt/ros/humble/share/geometry_msgs/cmake)
[0.320s] -- Found sensor_msgs: 4.8.0 (/opt/ros/humble/share/sensor_msgs/cmake)
[0.331s] -- Found ament_lint_auto: 0.12.12 (/opt/ros/humble/share/ament_lint_auto/cmake)
[0.365s] WARNING: Package name "Fla" does not follow the naming conventions. It should start with a lower case letter and only contain lower case letters, digits, underscores, and dashes.
[0.374s] -- Added test 'cppcheck' to perform static code analysis on C / C++ code
[0.374s] -- Configured cppcheck include dirs: $<BUILD_INTERFACE:/home/kifelix/ambiente_ws/src/Fla/include>
[0.374s] -- Configured cppcheck exclude dirs and/or files: 
[0.374s] -- Added test 'flake8' to check Python code syntax and style conventions
[0.374s] -- Added test 'lint_cmake' to check CMake code style
[0.374s] -- Added test 'pep257' to check Python code against some of the docstring style conventions in PEP 257
[0.375s] -- Added test 'uncrustify' to check C / C++ code style
[0.375s] -- Configured uncrustify additional arguments: 
[0.375s] -- Added test 'xmllint' to check XML markup files
[0.375s] -- Configuring done
[0.378s] -- Generating done
[0.379s] -- Build files have been written to: /home/kifelix/ambiente_ws/build/Fla
[0.396s] [35m[1mConsolidate compiler generated dependencies of target cefet[0m
[0.403s] [100%] Built target cefet
[0.410s] Invoked command in '/home/kifelix/ambiente_ws/build/Fla' returned '0': CMAKE_PREFIX_PATH=${CMAKE_PREFIX_PATH}:/opt/ros/humble /usr/bin/cmake --build /home/kifelix/ambiente_ws/build/Fla -- -j20 -l20
[0.416s] Invoking command in '/home/kifelix/ambiente_ws/build/Fla': CMAKE_PREFIX_PATH=${CMAKE_PREFIX_PATH}:/opt/ros/humble /usr/bin/cmake --install /home/kifelix/ambiente_ws/build/Fla
[0.420s] -- Install configuration: ""
[0.420s] -- Up-to-date: /home/kifelix/ambiente_ws/install/Fla/share/Fla/launch
[0.421s] -- Up-to-date: /home/kifelix/ambiente_ws/install/Fla/share/Fla/launch/launch.py
[0.421s] [31mCMake Error at cmake_install.cmake:50 (file):
[0.421s]   file INSTALL cannot find "/home/kifelix/ambiente/src/Fla/Model": No such
[0.421s]   file or directory.
[0.421s] 
[0.421s] [0m
[0.421s] Invoked command in '/home/kifelix/ambiente_ws/build/Fla' returned '1': CMAKE_PREFIX_PATH=${CMAKE_PREFIX_PATH}:/opt/ros/humble /usr/bin/cmake --install /home/kifelix/ambiente_ws/build/Fla
