[0.325s] Invoking command in '/home/kifelix/ambiente_ws/build/simulacao': /usr/bin/cmake /home/kifelix/ambiente_ws/src/simulacao -DCATKIN_INSTALL_INTO_PREFIX_ROOT=0 -DCMAKE_INSTALL_PREFIX=/home/kifelix/ambiente_ws/install/simulacao
[0.358s] -- The C compiler identification is GNU 11.4.0
[0.395s] -- The CXX compiler identification is GNU 11.4.0
[0.399s] -- Detecting C compiler ABI info
[0.443s] -- Detecting C compiler ABI info - done
[0.449s] -- Check for working C compiler: /usr/bin/cc - skipped
[0.449s] -- Detecting C compile features
[0.449s] -- Detecting C compile features - done
[0.451s] -- Detecting CXX compiler ABI info
[0.501s] -- Detecting CXX compiler ABI info - done
[0.506s] -- Check for working CXX compiler: /usr/bin/c++ - skipped
[0.506s] -- Detecting CXX compile features
[0.506s] -- Detecting CXX compile features - done
[0.508s] -- Found ament_cmake: 1.3.11 (/opt/ros/humble/share/ament_cmake/cmake)
[0.614s] -- Found Python3: /usr/bin/python3 (found version "3.10.12") found components: Interpreter 
[0.673s] -- Found gazebo_ros: 3.9.0 (/opt/ros/humble/share/gazebo_ros/cmake)
[0.699s] -- Found rosidl_generator_c: 3.1.6 (/opt/ros/humble/share/rosidl_generator_c/cmake)
[0.702s] -- Found rosidl_adapter: 3.1.6 (/opt/ros/humble/share/rosidl_adapter/cmake)
[0.706s] -- Found rosidl_generator_cpp: 3.1.6 (/opt/ros/humble/share/rosidl_generator_cpp/cmake)
[0.716s] -- Using all available rosidl_typesupport_c: rosidl_typesupport_fastrtps_c;rosidl_typesupport_introspection_c
[0.727s] -- Using all available rosidl_typesupport_cpp: rosidl_typesupport_fastrtps_cpp;rosidl_typesupport_introspection_cpp
[0.755s] -- Found rmw_implementation_cmake: 6.1.2 (/opt/ros/humble/share/rmw_implementation_cmake/cmake)
[0.757s] -- Found rmw_fastrtps_cpp: 6.2.7 (/opt/ros/humble/share/rmw_fastrtps_cpp/cmake)
[0.810s] -- Found OpenSSL: /usr/lib/x86_64-linux-gnu/libcrypto.so (found version "3.0.2")  
[0.826s] -- Found FastRTPS: /opt/ros/humble/include  
[0.850s] -- Using RMW implementation 'rmw_fastrtps_cpp' as default
[0.855s] -- Looking for pthread.h
[0.898s] -- Looking for pthread.h - found
[0.898s] -- Performing Test CMAKE_HAVE_LIBC_PTHREAD
[0.943s] -- Performing Test CMAKE_HAVE_LIBC_PTHREAD - Success
[0.944s] -- Found Threads: TRUE  
[0.996s] -- Found PkgConfig: /usr/bin/pkg-config (found version "0.29.2") 
[0.997s] -- Checking for module 'bullet>=2.82'
[1.007s] --   Found bullet, version 3.05
[1.072s] -- Found fcl: /usr/include (found suitable version "0.7.0", minimum required is "0.5.0") 
[1.108s] -- Found assimp: /usr/include (found version "5.2.0") 
[1.118s] -- Found DART: /usr/include (Required is at least version "6.6") found components: dart 
[1.131s] -- Found Boost: /usr/lib/x86_64-linux-gnu/cmake/Boost-1.74.0/BoostConfig.cmake (found suitable version "1.74.0", minimum required is "1.40.0") found components: thread system filesystem program_options regex iostreams date_time 
[1.139s] -- Found Protobuf: /usr/lib/x86_64-linux-gnu/libprotobuf.so (found version "3.12.4") 
[1.141s] -- Looking for ignition-math6 -- found version 6.15.1
[1.146s] -- Searching for dependencies of ignition-math6
[1.147s] -- Looking for OGRE...
[1.147s] -- OGRE_PREFIX_WATCH changed.
[1.150s] -- Checking for module 'OGRE'
[1.158s] --   Found OGRE, version 1.9.0
[1.178s] -- Found Ogre Ghadamon (1.9.0)
[1.184s] -- Found OGRE: optimized;/usr/lib/x86_64-linux-gnu/libOgreMain.so;debug;/usr/lib/x86_64-linux-gnu/libOgreMain.so
[1.190s] -- Looking for OGRE_Paging...
[1.194s] -- Found OGRE_Paging: optimized;/usr/lib/x86_64-linux-gnu/libOgrePaging.so;debug;/usr/lib/x86_64-linux-gnu/libOgrePaging.so
[1.194s] -- Looking for OGRE_Terrain...
[1.197s] -- Found OGRE_Terrain: optimized;/usr/lib/x86_64-linux-gnu/libOgreTerrain.so;debug;/usr/lib/x86_64-linux-gnu/libOgreTerrain.so
[1.197s] -- Looking for OGRE_Property...
[1.199s] -- Found OGRE_Property: optimized;/usr/lib/x86_64-linux-gnu/libOgreProperty.so;debug;/usr/lib/x86_64-linux-gnu/libOgreProperty.so
[1.199s] -- Looking for OGRE_RTShaderSystem...
[1.202s] -- Found OGRE_RTShaderSystem: optimized;/usr/lib/x86_64-linux-gnu/libOgreRTShaderSystem.so;debug;/usr/lib/x86_64-linux-gnu/libOgreRTShaderSystem.so
[1.202s] -- Looking for OGRE_Volume...
[1.205s] -- Found OGRE_Volume: optimized;/usr/lib/x86_64-linux-gnu/libOgreVolume.so;debug;/usr/lib/x86_64-linux-gnu/libOgreVolume.so
[1.205s] -- Looking for OGRE_Overlay...
[1.207s] -- Found OGRE_Overlay: optimized;/usr/lib/x86_64-linux-gnu/libOgreOverlay.so;debug;/usr/lib/x86_64-linux-gnu/libOgreOverlay.so
[1.270s] -- Looking for ignition-math6 -- found version 6.15.1
[1.271s] -- Looking for ignition-transport8 -- found version 8.2.1
[1.271s] -- Searching for dependencies of ignition-transport8
[1.283s] -- Found Protobuf: /usr/lib/x86_64-linux-gnu/libprotobuf.so (found suitable version "3.12.4", minimum required is "3") 
[1.289s] -- Config-file not installed for ZeroMQ -- checking for pkg-config
[1.293s] -- Checking for module 'libzmq >= 4'
[1.301s] --   Found libzmq , version 4.3.4
[1.325s] -- Found ZeroMQ: TRUE (Required is at least version "4") 
[1.328s] -- Checking for module 'uuid'
[1.337s] --   Found uuid, version 2.37.2
[1.357s] -- Found UUID: TRUE  
[1.358s] -- Looking for ignition-msgs5 -- found version 5.8.1
[1.359s] -- Searching for dependencies of ignition-msgs5
[1.370s] -- Looking for ignition-math6 -- found version 6.15.1
[1.373s] -- Checking for module 'tinyxml2'
[1.383s] --   Found tinyxml2, version 9.0.0
[1.403s] -- Looking for ignition-msgs5 -- found version 5.8.1
[1.405s] -- Looking for ignition-common3 -- found version 3.14.0
[1.405s] -- Searching for dependencies of ignition-common3
[1.405s] -- Looking for dlfcn.h - found
[1.406s] -- Looking for libdl - found
[1.407s] -- Found DL: TRUE  
[1.415s] -- Found tinyobjloader: /usr/lib/x86_64-linux-gnu/cmake/tinyobjloader/tinyobjloader-config.cmake (found version "2.0.0") 
[1.416s] -- Searching for <ignition-common3> component [graphics]
[1.416s] -- Looking for ignition-common3-graphics -- found version 3.14.0
[1.417s] -- Searching for dependencies of ignition-common3-graphics
[1.417s] -- Looking for ignition-math6 -- found version 6.15.1
[1.418s] -- Looking for ignition-fuel_tools4 -- found version 4.4.0
[1.418s] -- Searching for dependencies of ignition-fuel_tools4
[1.475s] -- Found CURL: /usr/lib/x86_64-linux-gnu/libcurl.so (found version "7.81.0")  
[1.481s] -- Checking for module 'jsoncpp'
[1.488s] --   Found jsoncpp, version 1.9.5
[1.509s] -- Found JSONCPP: TRUE  
[1.513s] -- Checking for module 'libzip'
[1.521s] --   Found libzip, version 1.7.3
[1.541s] -- Found ZIP: TRUE  
[1.541s] -- Looking for ignition-common3 -- found version 3.14.0
[1.542s] -- Looking for ignition-math6 -- found version 6.15.1
[1.542s] -- Looking for ignition-msgs5 -- found version 5.8.1
[1.544s] -- Gazebo version: 11.10
[1.544s] -- Checking for module 'tbb'
[1.552s] --   Found tbb, version 2021.5.0
[1.573s] -- Found ros_gz_bridge: 0.244.16 (/opt/ros/humble/share/ros_gz_bridge/cmake)
[1.659s] -- Found Protobuf: /usr/lib/x86_64-linux-gnu/libprotobuf.so (found version "3.12.4") 
[1.915s] -- Configuring done
[1.918s] -- Generating done
[1.919s] [33mCMake Warning:
[1.919s]   Manually-specified variables were not used by the project:
[1.919s] 
[1.919s]     CATKIN_INSTALL_INTO_PREFIX_ROOT
[1.919s] 
[1.919s] [0m
[1.920s] -- Build files have been written to: /home/kifelix/ambiente_ws/build/simulacao
