running egg_info
creating ../../build/gazebo_bridge_pkg/gazebo_bridge_pkg.egg-info
writing ../../build/gazebo_bridge_pkg/gazebo_bridge_pkg.egg-info/PKG-INFO
writing dependency_links to ../../build/gazebo_bridge_pkg/gazebo_bridge_pkg.egg-info/dependency_links.txt
writing entry points to ../../build/gazebo_bridge_pkg/gazebo_bridge_pkg.egg-info/entry_points.txt
writing requirements to ../../build/gazebo_bridge_pkg/gazebo_bridge_pkg.egg-info/requires.txt
writing top-level names to ../../build/gazebo_bridge_pkg/gazebo_bridge_pkg.egg-info/top_level.txt
writing manifest file '../../build/gazebo_bridge_pkg/gazebo_bridge_pkg.egg-info/SOURCES.txt'
reading manifest file '../../build/gazebo_bridge_pkg/gazebo_bridge_pkg.egg-info/SOURCES.txt'
writing manifest file '../../build/gazebo_bridge_pkg/gazebo_bridge_pkg.egg-info/SOURCES.txt'
running build
running build_py
creating /home/kifelix/ambiente_ws/build/gazebo_bridge_pkg/build
creating /home/kifelix/ambiente_ws/build/gazebo_bridge_pkg/build/lib
creating /home/kifelix/ambiente_ws/build/gazebo_bridge_pkg/build/lib/gazebo_bridge_pkg
copying gazebo_bridge_pkg/__init__.py -> /home/kifelix/ambiente_ws/build/gazebo_bridge_pkg/build/lib/gazebo_bridge_pkg
running install
running install_lib
creating /home/kifelix/ambiente_ws/install/gazebo_bridge_pkg/lib/python3.10/site-packages/gazebo_bridge_pkg
copying /home/kifelix/ambiente_ws/build/gazebo_bridge_pkg/build/lib/gazebo_bridge_pkg/__init__.py -> /home/kifelix/ambiente_ws/install/gazebo_bridge_pkg/lib/python3.10/site-packages/gazebo_bridge_pkg
byte-compiling /home/kifelix/ambiente_ws/install/gazebo_bridge_pkg/lib/python3.10/site-packages/gazebo_bridge_pkg/__init__.py to __init__.cpython-310.pyc
running install_data
creating /home/kifelix/ambiente_ws/install/gazebo_bridge_pkg/share/gazebo_bridge_pkg/launch
error: can't copy 'launch/gazebo_bridge_launch.py': doesn't exist or not a regular file
