[0.558s] Invoking command in '/home/kifelix/ambiente_ws/src/gazebo_bridge_pkg': PYTHONPATH=/home/kifelix/ambiente_ws/build/gazebo_bridge_pkg/prefix_override:/usr/lib/python3/dist-packages/colcon_core/task/python/colcon_distutils_commands:/home/kifelix/ambiente_ws/install/gazebo_bridge_pkg/lib/python3.10/site-packages:${PYTHONPATH} /usr/bin/python3 -W ignore:setup.py install is deprecated -W ignore:easy_install command is deprecated setup.py egg_info --egg-base ../../build/gazebo_bridge_pkg build --build-base /home/kifelix/ambiente_ws/build/gazebo_bridge_pkg/build install --record /home/kifelix/ambiente_ws/build/gazebo_bridge_pkg/install.log --single-version-externally-managed install_data
[0.711s] running egg_info
[0.711s] creating ../../build/gazebo_bridge_pkg/gazebo_bridge_pkg.egg-info
[0.711s] writing ../../build/gazebo_bridge_pkg/gazebo_bridge_pkg.egg-info/PKG-INFO
[0.711s] writing dependency_links to ../../build/gazebo_bridge_pkg/gazebo_bridge_pkg.egg-info/dependency_links.txt
[0.711s] writing entry points to ../../build/gazebo_bridge_pkg/gazebo_bridge_pkg.egg-info/entry_points.txt
[0.711s] writing requirements to ../../build/gazebo_bridge_pkg/gazebo_bridge_pkg.egg-info/requires.txt
[0.712s] writing top-level names to ../../build/gazebo_bridge_pkg/gazebo_bridge_pkg.egg-info/top_level.txt
[0.712s] writing manifest file '../../build/gazebo_bridge_pkg/gazebo_bridge_pkg.egg-info/SOURCES.txt'
[0.712s] reading manifest file '../../build/gazebo_bridge_pkg/gazebo_bridge_pkg.egg-info/SOURCES.txt'
[0.713s] writing manifest file '../../build/gazebo_bridge_pkg/gazebo_bridge_pkg.egg-info/SOURCES.txt'
[0.713s] running build
[0.713s] running build_py
[0.713s] creating /home/kifelix/ambiente_ws/build/gazebo_bridge_pkg/build
[0.713s] creating /home/kifelix/ambiente_ws/build/gazebo_bridge_pkg/build/lib
[0.713s] creating /home/kifelix/ambiente_ws/build/gazebo_bridge_pkg/build/lib/gazebo_bridge_pkg
[0.713s] copying gazebo_bridge_pkg/__init__.py -> /home/kifelix/ambiente_ws/build/gazebo_bridge_pkg/build/lib/gazebo_bridge_pkg
[0.713s] running install
[0.713s] running install_lib
[0.714s] creating /home/kifelix/ambiente_ws/install/gazebo_bridge_pkg/lib/python3.10/site-packages/gazebo_bridge_pkg
[0.714s] copying /home/kifelix/ambiente_ws/build/gazebo_bridge_pkg/build/lib/gazebo_bridge_pkg/__init__.py -> /home/kifelix/ambiente_ws/install/gazebo_bridge_pkg/lib/python3.10/site-packages/gazebo_bridge_pkg
[0.714s] byte-compiling /home/kifelix/ambiente_ws/install/gazebo_bridge_pkg/lib/python3.10/site-packages/gazebo_bridge_pkg/__init__.py to __init__.cpython-310.pyc
[0.714s] running install_data
[0.714s] creating /home/kifelix/ambiente_ws/install/gazebo_bridge_pkg/share/gazebo_bridge_pkg/launch
[0.714s] error: can't copy 'launch/gazebo_bridge_launch.py': doesn't exist or not a regular file
[0.737s] Invoked command in '/home/kifelix/ambiente_ws/src/gazebo_bridge_pkg' returned '1': PYTHONPATH=/home/kifelix/ambiente_ws/build/gazebo_bridge_pkg/prefix_override:/usr/lib/python3/dist-packages/colcon_core/task/python/colcon_distutils_commands:/home/kifelix/ambiente_ws/install/gazebo_bridge_pkg/lib/python3.10/site-packages:${PYTHONPATH} /usr/bin/python3 -W ignore:setup.py install is deprecated -W ignore:easy_install command is deprecated setup.py egg_info --egg-base ../../build/gazebo_bridge_pkg build --build-base /home/kifelix/ambiente_ws/build/gazebo_bridge_pkg/build install --record /home/kifelix/ambiente_ws/build/gazebo_bridge_pkg/install.log --single-version-externally-managed install_data
