-- Found ament_cmake: 1.3.11 (/opt/ros/humble/share/ament_cmake/cmake)
-- Found gazebo_ros_pkgs: 3.9.0 (/opt/ros/humble/share/gazebo_ros_pkgs/cmake)
-- Found rclcpp: 16.0.12 (/opt/ros/humble/share/rclcpp/cmake)
-- Found rosidl_generator_c: 3.1.6 (/opt/ros/humble/share/rosidl_generator_c/cmake)
-- Found rosidl_adapter: 3.1.6 (/opt/ros/humble/share/rosidl_adapter/cmake)
-- Found rosidl_generator_cpp: 3.1.6 (/opt/ros/humble/share/rosidl_generator_cpp/cmake)
-- Using all available rosidl_typesupport_c: rosidl_typesupport_fastrtps_c;rosidl_typesupport_introspection_c
-- Using all available rosidl_typesupport_cpp: rosidl_typesupport_fastrtps_cpp;rosidl_typesupport_introspection_cpp
-- Found rmw_implementation_cmake: 6.1.2 (/opt/ros/humble/share/rmw_implementation_cmake/cmake)
-- Found rmw_fastrtps_cpp: 6.2.7 (/opt/ros/humble/share/rmw_fastrtps_cpp/cmake)
-- Using RMW implementation 'rmw_fastrtps_cpp' as default
-- Found geometry_msgs: 4.8.0 (/opt/ros/humble/share/geometry_msgs/cmake)
-- Found sensor_msgs: 4.8.0 (/opt/ros/humble/share/sensor_msgs/cmake)
-- Found ament_lint_auto: 0.12.12 (/opt/ros/humble/share/ament_lint_auto/cmake)
-- Added test 'cppcheck' to perform static code analysis on C / C++ code
-- Configured cppcheck include dirs: $<BUILD_INTERFACE:/home/kifelix/ambiente_ws/src/Fla/include>
-- Configured cppcheck exclude dirs and/or files: 
-- Added test 'flake8' to check Python code syntax and style conventions
-- Added test 'lint_cmake' to check CMake code style
-- Added test 'pep257' to check Python code against some of the docstring style conventions in PEP 257
-- Added test 'uncrustify' to check C / C++ code style
-- Configured uncrustify additional arguments: 
-- Added test 'xmllint' to check XML markup files
-- Configuring done
-- Generating done
-- Build files have been written to: /home/kifelix/ambiente_ws/build/Fla
[35m[1mConsolidate compiler generated dependencies of target cefet[0m
[100%] Built target cefet
-- Install configuration: ""
-- Up-to-date: /home/kifelix/ambiente_ws/install/Fla/share/Fla/launch
-- Up-to-date: /home/kifelix/ambiente_ws/install/Fla/share/Fla/launch/launch.py
-- Installing: /home/kifelix/ambiente_ws/install/Fla/share/Fla/Model
-- Installing: /home/kifelix/ambiente_ws/install/Fla/share/Fla/Model/building_robot.sdf
-- Installing: /home/kifelix/ambiente_ws/install/Fla/lib/Fla/cefet
-- Installing: /home/kifelix/ambiente_ws/install/Fla/share/ament_index/resource_index/package_run_dependencies/Fla
-- Installing: /home/kifelix/ambiente_ws/install/Fla/share/ament_index/resource_index/parent_prefix_path/Fla
-- Installing: /home/kifelix/ambiente_ws/install/Fla/share/Fla/environment/ament_prefix_path.sh
-- Installing: /home/kifelix/ambiente_ws/install/Fla/share/Fla/environment/ament_prefix_path.dsv
-- Installing: /home/kifelix/ambiente_ws/install/Fla/share/Fla/environment/path.sh
-- Installing: /home/kifelix/ambiente_ws/install/Fla/share/Fla/environment/path.dsv
-- Installing: /home/kifelix/ambiente_ws/install/Fla/share/Fla/local_setup.bash
-- Installing: /home/kifelix/ambiente_ws/install/Fla/share/Fla/local_setup.sh
-- Installing: /home/kifelix/ambiente_ws/install/Fla/share/Fla/local_setup.zsh
-- Installing: /home/kifelix/ambiente_ws/install/Fla/share/Fla/local_setup.dsv
-- Installing: /home/kifelix/ambiente_ws/install/Fla/share/Fla/package.dsv
-- Installing: /home/kifelix/ambiente_ws/install/Fla/share/ament_index/resource_index/packages/Fla
-- Installing: /home/kifelix/ambiente_ws/install/Fla/share/Fla/cmake/FlaConfig.cmake
-- Installing: /home/kifelix/ambiente_ws/install/Fla/share/Fla/cmake/FlaConfig-version.cmake
-- Installing: /home/kifelix/ambiente_ws/install/Fla/share/Fla/package.xml
