[0.007s] Invoking command in '/home/kifelix/ambiente_ws/build/Fla': CMAKE_PREFIX_PATH=${CMAKE_PREFIX_PATH}:/opt/ros/humble /usr/bin/cmake /home/kifelix/ambiente_ws/src/Fla -DCMAKE_INSTALL_PREFIX=/home/kifelix/ambiente_ws/install/Fla
[0.041s] -- The C compiler identification is GNU 11.4.0
[0.080s] -- The CXX compiler identification is GNU 11.4.0
[0.086s] -- Detecting C compiler ABI info
[0.128s] -- Detecting C compiler ABI info - done
[0.133s] -- Check for working C compiler: /usr/bin/cc - skipped
[0.133s] -- Detecting C compile features
[0.133s] -- Detecting C compile features - done
[0.135s] -- Detecting CXX compiler ABI info
[0.217s] -- Detecting CXX compiler ABI info - done
[0.222s] -- Check for working CXX compiler: /usr/bin/c++ - skipped
[0.222s] -- Detecting CXX compile features
[0.222s] -- Detecting CXX compile features - done
[0.223s] -- Found ament_cmake: 1.3.11 (/opt/ros/humble/share/ament_cmake/cmake)
[0.367s] -- Found Python3: /usr/bin/python3 (found version "3.10.12") found components: Interpreter 
[0.422s] -- Found gazebo_ros_pkgs: 3.9.0 (/opt/ros/humble/share/gazebo_ros_pkgs/cmake)
[0.423s] -- Found rclcpp: 16.0.12 (/opt/ros/humble/share/rclcpp/cmake)
[0.452s] -- Found rosidl_generator_c: 3.1.6 (/opt/ros/humble/share/rosidl_generator_c/cmake)
[0.455s] -- Found rosidl_adapter: 3.1.6 (/opt/ros/humble/share/rosidl_adapter/cmake)
[0.460s] -- Found rosidl_generator_cpp: 3.1.6 (/opt/ros/humble/share/rosidl_generator_cpp/cmake)
[0.466s] -- Using all available rosidl_typesupport_c: rosidl_typesupport_fastrtps_c;rosidl_typesupport_introspection_c
[0.475s] -- Using all available rosidl_typesupport_cpp: rosidl_typesupport_fastrtps_cpp;rosidl_typesupport_introspection_cpp
[0.500s] -- Found rmw_implementation_cmake: 6.1.2 (/opt/ros/humble/share/rmw_implementation_cmake/cmake)
[0.502s] -- Found rmw_fastrtps_cpp: 6.2.7 (/opt/ros/humble/share/rmw_fastrtps_cpp/cmake)
[0.563s] -- Found OpenSSL: /usr/lib/x86_64-linux-gnu/libcrypto.so (found version "3.0.2")  
[0.622s] -- Found FastRTPS: /opt/ros/humble/include  
[0.656s] -- Using RMW implementation 'rmw_fastrtps_cpp' as default
[0.660s] -- Looking for pthread.h
[0.727s] -- Looking for pthread.h - found
[0.727s] -- Performing Test CMAKE_HAVE_LIBC_PTHREAD
[0.792s] -- Performing Test CMAKE_HAVE_LIBC_PTHREAD - Success
[0.793s] -- Found Threads: TRUE  
[0.824s] -- Found geometry_msgs: 4.8.0 (/opt/ros/humble/share/geometry_msgs/cmake)
[0.832s] -- Found sensor_msgs: 4.8.0 (/opt/ros/humble/share/sensor_msgs/cmake)
[0.842s] -- Found ament_lint_auto: 0.12.12 (/opt/ros/humble/share/ament_lint_auto/cmake)
[0.876s] WARNING: Package name "Fla" does not follow the naming conventions. It should start with a lower case letter and only contain lower case letters, digits, underscores, and dashes.
[0.903s] -- Added test 'cppcheck' to perform static code analysis on C / C++ code
[0.903s] -- Configured cppcheck include dirs: $<BUILD_INTERFACE:/home/kifelix/ambiente_ws/src/Fla/include>
[0.903s] -- Configured cppcheck exclude dirs and/or files: 
[0.904s] -- Added test 'flake8' to check Python code syntax and style conventions
[0.905s] -- Added test 'lint_cmake' to check CMake code style
[0.905s] -- Added test 'pep257' to check Python code against some of the docstring style conventions in PEP 257
[0.931s] -- Added test 'uncrustify' to check C / C++ code style
[0.931s] -- Configured uncrustify additional arguments: 
[0.935s] -- Added test 'xmllint' to check XML markup files
[0.936s] -- Configuring done
[0.940s] -- Generating done
[0.942s] -- Build files have been written to: /home/kifelix/ambiente_ws/build/Fla
[0.949s] Invoked command in '/home/kifelix/ambiente_ws/build/Fla' returned '0': CMAKE_PREFIX_PATH=${CMAKE_PREFIX_PATH}:/opt/ros/humble /usr/bin/cmake /home/kifelix/ambiente_ws/src/Fla -DCMAKE_INSTALL_PREFIX=/home/kifelix/ambiente_ws/install/Fla
[0.953s] Invoking command in '/home/kifelix/ambiente_ws/build/Fla': CMAKE_PREFIX_PATH=${CMAKE_PREFIX_PATH}:/opt/ros/humble /usr/bin/cmake --build /home/kifelix/ambiente_ws/build/Fla -- -j20 -l20
[0.985s] [ 50%] [32mBuilding CXX object CMakeFiles/cefet.dir/src/cefet.cpp.o[0m
[1.003s] [100%] [32m[1mLinking CXX executable cefet[0m
[1.033s] [100%] Built target cefet
[1.040s] Invoked command in '/home/kifelix/ambiente_ws/build/Fla' returned '0': CMAKE_PREFIX_PATH=${CMAKE_PREFIX_PATH}:/opt/ros/humble /usr/bin/cmake --build /home/kifelix/ambiente_ws/build/Fla -- -j20 -l20
[1.050s] Invoking command in '/home/kifelix/ambiente_ws/build/Fla': CMAKE_PREFIX_PATH=${CMAKE_PREFIX_PATH}:/opt/ros/humble /usr/bin/cmake --install /home/kifelix/ambiente_ws/build/Fla
[1.058s] -- Install configuration: ""
[1.058s] -- Installing: /home/kifelix/ambiente_ws/install/Fla/share/Fla/launch
[1.058s] -- Installing: /home/kifelix/ambiente_ws/install/Fla/share/Fla/launch/launch.py
[1.058s] [31mCMake Error at cmake_install.cmake:50 (file):
[1.058s]   file INSTALL cannot find "/home/laelt/project_ws/src/Fla/Model": No such
[1.058s]   file or directory.
[1.058s] 
[1.058s] [0m
[1.059s] Invoked command in '/home/kifelix/ambiente_ws/build/Fla' returned '1': CMAKE_PREFIX_PATH=${CMAKE_PREFIX_PATH}:/opt/ros/humble /usr/bin/cmake --install /home/kifelix/ambiente_ws/build/Fla
