running egg_info
creating ../../build/meu_primeiro_no_ros2/meu_primeiro_no_ros2.egg-info
writing ../../build/meu_primeiro_no_ros2/meu_primeiro_no_ros2.egg-info/PKG-INFO
writing dependency_links to ../../build/meu_primeiro_no_ros2/meu_primeiro_no_ros2.egg-info/dependency_links.txt
writing entry points to ../../build/meu_primeiro_no_ros2/meu_primeiro_no_ros2.egg-info/entry_points.txt
writing requirements to ../../build/meu_primeiro_no_ros2/meu_primeiro_no_ros2.egg-info/requires.txt
writing top-level names to ../../build/meu_primeiro_no_ros2/meu_primeiro_no_ros2.egg-info/top_level.txt
writing manifest file '../../build/meu_primeiro_no_ros2/meu_primeiro_no_ros2.egg-info/SOURCES.txt'
reading manifest file '../../build/meu_primeiro_no_ros2/meu_primeiro_no_ros2.egg-info/SOURCES.txt'
writing manifest file '../../build/meu_primeiro_no_ros2/meu_primeiro_no_ros2.egg-info/SOURCES.txt'
running build
running build_py
creating /home/kifelix/ambiente_ws/build/meu_primeiro_no_ros2/build
creating /home/kifelix/ambiente_ws/build/meu_primeiro_no_ros2/build/lib
creating /home/kifelix/ambiente_ws/build/meu_primeiro_no_ros2/build/lib/meu_primeiro_no_ros2
copying meu_primeiro_no_ros2/__init__.py -> /home/kifelix/ambiente_ws/build/meu_primeiro_no_ros2/build/lib/meu_primeiro_no_ros2
running install
running install_lib
creating /home/kifelix/ambiente_ws/install/meu_primeiro_no_ros2/lib/python3.10/site-packages/meu_primeiro_no_ros2
copying /home/kifelix/ambiente_ws/build/meu_primeiro_no_ros2/build/lib/meu_primeiro_no_ros2/__init__.py -> /home/kifelix/ambiente_ws/install/meu_primeiro_no_ros2/lib/python3.10/site-packages/meu_primeiro_no_ros2
byte-compiling /home/kifelix/ambiente_ws/install/meu_primeiro_no_ros2/lib/python3.10/site-packages/meu_primeiro_no_ros2/__init__.py to __init__.cpython-310.pyc
running install_data
creating /home/kifelix/ambiente_ws/install/meu_primeiro_no_ros2/share/ament_index
creating /home/kifelix/ambiente_ws/install/meu_primeiro_no_ros2/share/ament_index/resource_index
creating /home/kifelix/ambiente_ws/install/meu_primeiro_no_ros2/share/ament_index/resource_index/packages
copying resource/meu_primeiro_no_ros2 -> /home/kifelix/ambiente_ws/install/meu_primeiro_no_ros2/share/ament_index/resource_index/packages
copying package.xml -> /home/kifelix/ambiente_ws/install/meu_primeiro_no_ros2/share/meu_primeiro_no_ros2
running install_egg_info
Copying ../../build/meu_primeiro_no_ros2/meu_primeiro_no_ros2.egg-info to /home/kifelix/ambiente_ws/install/meu_primeiro_no_ros2/lib/python3.10/site-packages/meu_primeiro_no_ros2-0.0.0-py3.10.egg-info
running install_scripts
writing list of installed files to '/home/kifelix/ambiente_ws/build/meu_primeiro_no_ros2/install.log'
