[0.570s] Invoking command in '/home/kifelix/ambiente_ws/src/meu_primeiro_no_ros2': PYTHONPATH=/home/kifelix/ambiente_ws/build/meu_primeiro_no_ros2/prefix_override:/usr/lib/python3/dist-packages/colcon_core/task/python/colcon_distutils_commands:/home/kifelix/ambiente_ws/install/meu_primeiro_no_ros2/lib/python3.10/site-packages:${PYTHONPATH} /usr/bin/python3 -W ignore:setup.py install is deprecated -W ignore:easy_install command is deprecated setup.py egg_info --egg-base ../../build/meu_primeiro_no_ros2 build --build-base /home/kifelix/ambiente_ws/build/meu_primeiro_no_ros2/build install --record /home/kifelix/ambiente_ws/build/meu_primeiro_no_ros2/install.log --single-version-externally-managed install_data
[0.716s] running egg_info
[0.717s] creating ../../build/meu_primeiro_no_ros2/meu_primeiro_no_ros2.egg-info
[0.717s] writing ../../build/meu_primeiro_no_ros2/meu_primeiro_no_ros2.egg-info/PKG-INFO
[0.717s] writing dependency_links to ../../build/meu_primeiro_no_ros2/meu_primeiro_no_ros2.egg-info/dependency_links.txt
[0.717s] writing entry points to ../../build/meu_primeiro_no_ros2/meu_primeiro_no_ros2.egg-info/entry_points.txt
[0.717s] writing requirements to ../../build/meu_primeiro_no_ros2/meu_primeiro_no_ros2.egg-info/requires.txt
[0.717s] writing top-level names to ../../build/meu_primeiro_no_ros2/meu_primeiro_no_ros2.egg-info/top_level.txt
[0.718s] writing manifest file '../../build/meu_primeiro_no_ros2/meu_primeiro_no_ros2.egg-info/SOURCES.txt'
[0.719s] reading manifest file '../../build/meu_primeiro_no_ros2/meu_primeiro_no_ros2.egg-info/SOURCES.txt'
[0.720s] writing manifest file '../../build/meu_primeiro_no_ros2/meu_primeiro_no_ros2.egg-info/SOURCES.txt'
[0.720s] running build
[0.720s] running build_py
[0.720s] creating /home/kifelix/ambiente_ws/build/meu_primeiro_no_ros2/build
[0.720s] creating /home/kifelix/ambiente_ws/build/meu_primeiro_no_ros2/build/lib
[0.720s] creating /home/kifelix/ambiente_ws/build/meu_primeiro_no_ros2/build/lib/meu_primeiro_no_ros2
[0.720s] copying meu_primeiro_no_ros2/__init__.py -> /home/kifelix/ambiente_ws/build/meu_primeiro_no_ros2/build/lib/meu_primeiro_no_ros2
[0.720s] running install
[0.721s] running install_lib
[0.721s] creating /home/kifelix/ambiente_ws/install/meu_primeiro_no_ros2/lib/python3.10/site-packages/meu_primeiro_no_ros2
[0.721s] copying /home/kifelix/ambiente_ws/build/meu_primeiro_no_ros2/build/lib/meu_primeiro_no_ros2/__init__.py -> /home/kifelix/ambiente_ws/install/meu_primeiro_no_ros2/lib/python3.10/site-packages/meu_primeiro_no_ros2
[0.721s] byte-compiling /home/kifelix/ambiente_ws/install/meu_primeiro_no_ros2/lib/python3.10/site-packages/meu_primeiro_no_ros2/__init__.py to __init__.cpython-310.pyc
[0.722s] running install_data
[0.722s] creating /home/kifelix/ambiente_ws/install/meu_primeiro_no_ros2/share/ament_index
[0.722s] creating /home/kifelix/ambiente_ws/install/meu_primeiro_no_ros2/share/ament_index/resource_index
[0.722s] creating /home/kifelix/ambiente_ws/install/meu_primeiro_no_ros2/share/ament_index/resource_index/packages
[0.722s] copying resource/meu_primeiro_no_ros2 -> /home/kifelix/ambiente_ws/install/meu_primeiro_no_ros2/share/ament_index/resource_index/packages
[0.722s] copying package.xml -> /home/kifelix/ambiente_ws/install/meu_primeiro_no_ros2/share/meu_primeiro_no_ros2
[0.722s] running install_egg_info
[0.724s] Copying ../../build/meu_primeiro_no_ros2/meu_primeiro_no_ros2.egg-info to /home/kifelix/ambiente_ws/install/meu_primeiro_no_ros2/lib/python3.10/site-packages/meu_primeiro_no_ros2-0.0.0-py3.10.egg-info
[0.724s] running install_scripts
[0.738s] writing list of installed files to '/home/kifelix/ambiente_ws/build/meu_primeiro_no_ros2/install.log'
